16:37:59 - INFO - Starting training loop for 50 episodes with train frequency 2.
16:38:06 - INFO - Episode   0: Reward=  66.0, Length= 66
16:38:08 - INFO - Episode   1: Reward=  33.0, Length= 33
16:38:10 - INFO - Episode   2: Reward=  25.0, Length= 25
16:38:10 - INFO - Buffer not ready for training, skipping step.
16:38:13 - INFO - Episode   3: Reward=  39.0, Length= 39
16:38:16 - INFO - Episode   4: Reward=  31.0, Length= 31
16:38:16 - INFO - Buffer not ready for training, skipping step.
16:38:17 - INFO - Episode   5: Reward=  13.0, Length= 13
16:38:19 - INFO - Episode   6: Reward=  33.0, Length= 33
16:38:19 - INFO - Buffer not ready for training, skipping step.
16:38:22 - INFO - Episode   7: Reward=  37.0, Length= 37
16:38:24 - INFO - Episode   8: Reward=  20.0, Length= 20
16:38:24 - INFO - Buffer not ready for training, skipping step.
16:38:28 - INFO - Episode   9: Reward=  51.0, Length= 51
16:38:29 - INFO - Episode  10: Reward=  17.0, Length= 17
16:38:29 - INFO - Starting training step...
16:38:36 - INFO - Step 0: train/policy_loss = 0.669291
16:38:36 - INFO - Step 0: train/reward_loss = 1.049973
16:38:36 - INFO - Step 0: train/value_loss = 20.152792
16:38:36 - INFO - Step 0: total_loss = 21.872055
16:38:37 - INFO - Episode  11: Reward=  16.0, Length= 16
16:38:40 - INFO - Episode  12: Reward=  40.0, Length= 40
16:38:40 - INFO - Starting training step...
16:38:43 - INFO - Step 1: train/policy_loss = 0.671716
16:38:43 - INFO - Step 1: train/reward_loss = 0.420736
16:38:43 - INFO - Step 1: train/value_loss = 16.807806
16:38:43 - INFO - Step 1: total_loss = 17.900259
16:38:44 - INFO - Episode  13: Reward=  12.0, Length= 12
16:38:45 - INFO - Episode  14: Reward=  18.0, Length= 18
16:38:45 - INFO - Starting training step...
16:38:49 - INFO - Step 2: train/policy_loss = 0.654576
16:38:49 - INFO - Step 2: train/reward_loss = 0.522808
16:38:49 - INFO - Step 2: train/value_loss = 14.287583
16:38:49 - INFO - Step 2: total_loss = 15.464968
16:38:50 - INFO - Episode  15: Reward=  12.0, Length= 12
16:38:51 - INFO - Episode  16: Reward=  15.0, Length= 15
16:38:51 - INFO - Starting training step...
16:38:54 - INFO - Step 3: train/policy_loss = 0.638837
16:38:54 - INFO - Step 3: train/reward_loss = 0.762409
16:38:54 - INFO - Step 3: train/value_loss = 12.792336
16:38:54 - INFO - Step 3: total_loss = 14.193582
16:38:56 - INFO - Episode  17: Reward=  26.0, Length= 26
16:38:58 - INFO - Episode  18: Reward=  17.0, Length= 17
16:38:58 - INFO - Starting training step...
16:39:01 - INFO - Step 4: train/policy_loss = 0.627160
16:39:01 - INFO - Step 4: train/reward_loss = 0.682573
16:39:01 - INFO - Step 4: train/value_loss = 12.501169
16:39:01 - INFO - Step 4: total_loss = 13.810902
16:39:07 - INFO - Episode  19: Reward=  81.0, Length= 81
16:39:11 - INFO - Episode  20: Reward=  40.0, Length= 40
16:39:11 - INFO - Starting training step...
16:39:14 - INFO - Step 5: train/policy_loss = 0.619860
16:39:14 - INFO - Step 5: train/reward_loss = 0.432719
16:39:14 - INFO - Step 5: train/value_loss = 12.760163
16:39:14 - INFO - Step 5: total_loss = 13.812743
16:39:16 - INFO - Episode  21: Reward=  24.0, Length= 24
16:39:17 - INFO - Episode  22: Reward=  16.0, Length= 16
16:39:17 - INFO - Starting training step...
16:39:20 - INFO - Step 6: train/policy_loss = 0.613063
16:39:20 - INFO - Step 6: train/reward_loss = 0.314558
16:39:20 - INFO - Step 6: train/value_loss = 12.675735
16:39:20 - INFO - Step 6: total_loss = 13.603356
16:39:22 - INFO - Episode  23: Reward=  28.0, Length= 28
16:39:24 - INFO - Episode  24: Reward=  19.0, Length= 19
16:39:24 - INFO - Starting training step...
16:39:27 - INFO - Step 7: train/policy_loss = 0.628384
16:39:27 - INFO - Step 7: train/reward_loss = 0.355265
16:39:27 - INFO - Step 7: train/value_loss = 12.229677
16:39:27 - INFO - Step 7: total_loss = 13.213326
16:39:29 - INFO - Episode  25: Reward=  25.0, Length= 25
16:39:33 - INFO - Episode  26: Reward=  39.0, Length= 39
16:39:33 - INFO - Starting training step...
16:39:36 - INFO - Step 8: train/policy_loss = 0.641522
16:39:36 - INFO - Step 8: train/reward_loss = 0.414058
16:39:36 - INFO - Step 8: train/value_loss = 11.575077
16:39:36 - INFO - Step 8: total_loss = 12.630656
16:39:38 - INFO - Episode  27: Reward=  26.0, Length= 26
16:39:41 - INFO - Episode  28: Reward=  41.0, Length= 41
16:39:41 - INFO - Starting training step...
16:39:45 - INFO - Step 9: train/policy_loss = 0.654241
16:39:45 - INFO - Step 9: train/reward_loss = 0.412687
16:39:45 - INFO - Step 9: train/value_loss = 11.064251
16:39:45 - INFO - Step 9: total_loss = 12.131180
16:39:46 - INFO - Episode  29: Reward=  15.0, Length= 15
16:39:48 - INFO - Episode  30: Reward=  30.0, Length= 30
16:39:48 - INFO - Starting training step...
16:39:51 - INFO - Step 10: train/policy_loss = 0.680471
16:39:51 - INFO - Step 10: train/reward_loss = 0.343899
16:39:51 - INFO - Step 10: train/value_loss = 10.674545
16:39:51 - INFO - Step 10: total_loss = 11.698915
16:39:55 - INFO - Episode  31: Reward=  43.0, Length= 43
16:39:57 - INFO - Episode  32: Reward=  26.0, Length= 26
16:39:57 - INFO - Starting training step...
16:40:00 - INFO - Step 11: train/policy_loss = 0.673615
16:40:00 - INFO - Step 11: train/reward_loss = 0.264115
16:40:00 - INFO - Step 11: train/value_loss = 10.468566
16:40:00 - INFO - Step 11: total_loss = 11.406295
16:40:03 - INFO - Episode  33: Reward=  29.0, Length= 29
16:40:05 - INFO - Episode  34: Reward=  26.0, Length= 26
16:40:05 - INFO - Starting training step...
16:40:05 - INFO - Step 12: train/policy_loss = 0.669393
16:40:05 - INFO - Step 12: train/reward_loss = 0.191178
16:40:05 - INFO - Step 12: train/value_loss = 10.302422
16:40:05 - INFO - Step 12: total_loss = 11.162992
16:40:09 - INFO - Episode  35: Reward=  52.0, Length= 52
16:40:10 - INFO - Episode  36: Reward=  16.0, Length= 16
16:40:10 - INFO - Starting training step...
16:40:11 - INFO - Step 13: train/policy_loss = 0.676453
16:40:11 - INFO - Step 13: train/reward_loss = 0.158533
16:40:11 - INFO - Step 13: train/value_loss = 10.044622
16:40:11 - INFO - Step 13: total_loss = 10.879609
16:40:13 - INFO - Episode  37: Reward=  25.0, Length= 25
16:40:16 - INFO - Episode  38: Reward=  37.0, Length= 37
16:40:16 - INFO - Starting training step...
16:40:17 - INFO - Step 14: train/policy_loss = 0.659188
16:40:17 - INFO - Step 14: train/reward_loss = 0.162625
16:40:17 - INFO - Step 14: train/value_loss = 9.842584
16:40:17 - INFO - Step 14: total_loss = 10.664395
16:40:19 - INFO - Episode  39: Reward=  23.0, Length= 23
16:40:21 - INFO - Episode  40: Reward=  22.0, Length= 22
16:40:21 - INFO - Starting training step...
16:40:21 - INFO - Step 15: train/policy_loss = 0.666332
16:40:21 - INFO - Step 15: train/reward_loss = 0.190588
16:40:21 - INFO - Step 15: train/value_loss = 9.576067
16:40:21 - INFO - Step 15: total_loss = 10.432987
16:40:22 - INFO - Episode  41: Reward=  11.0, Length= 11
16:40:23 - INFO - Episode  42: Reward=  14.0, Length= 14
16:40:23 - INFO - Starting training step...
16:40:23 - INFO - Step 16: train/policy_loss = 0.653665
16:40:23 - INFO - Step 16: train/reward_loss = 0.217526
16:40:23 - INFO - Step 16: train/value_loss = 9.194915
16:40:23 - INFO - Step 16: total_loss = 10.066105
16:40:25 - INFO - Episode  43: Reward=  16.0, Length= 16
16:40:28 - INFO - Episode  44: Reward=  42.0, Length= 42
16:40:28 - INFO - Starting training step...
16:40:28 - INFO - Step 17: train/policy_loss = 0.631332
16:40:28 - INFO - Step 17: train/reward_loss = 0.210834
16:40:28 - INFO - Step 17: train/value_loss = 8.803217
16:40:28 - INFO - Step 17: total_loss = 9.645382
16:40:30 - INFO - Episode  45: Reward=  15.0, Length= 15
16:40:31 - INFO - Episode  46: Reward=  23.0, Length= 23
16:40:31 - INFO - Starting training step...
16:40:32 - INFO - Step 18: train/policy_loss = 0.639676
16:40:32 - INFO - Step 18: train/reward_loss = 0.174822
16:40:32 - INFO - Step 18: train/value_loss = 8.422241
16:40:32 - INFO - Step 18: total_loss = 9.236739
16:40:35 - INFO - Episode  47: Reward=  36.0, Length= 36
16:40:36 - INFO - Episode  48: Reward=  20.0, Length= 20
16:40:36 - INFO - Starting training step...
16:40:37 - INFO - Step 19: train/policy_loss = 0.629673
16:40:37 - INFO - Step 19: train/reward_loss = 0.118484
16:40:37 - INFO - Step 19: train/value_loss = 8.121964
16:40:37 - INFO - Step 19: total_loss = 8.870122
16:40:38 - INFO - Episode  49: Reward=  23.0, Length= 23
16:41:44 - INFO - Starting training loop for 50 episodes with train frequency 2.
16:42:50 - INFO - Episode   0: Reward=  16.0, Length= 16
16:42:53 - INFO - Episode   1: Reward=  13.0, Length= 13
16:42:56 - INFO - Episode   2: Reward=  28.0, Length= 28
16:44:25 - INFO - Starting training loop for 500 episodes with train frequency 5.
16:44:28 - INFO - Episode   0: Reward=  21.0, Length= 21
16:44:30 - INFO - Episode   1: Reward=  25.0, Length= 25
16:44:32 - INFO - Episode   2: Reward=  22.0, Length= 22
16:44:34 - INFO - Episode   3: Reward=  25.0, Length= 25
16:44:36 - INFO - Episode   4: Reward=  30.0, Length= 30
16:44:40 - INFO - Episode   5: Reward=  52.0, Length= 52
16:44:40 - INFO - Starting training step...
16:44:47 - INFO - Step 0: train/policy_loss = 0.671368
16:44:47 - INFO - Step 0: train/reward_loss = 0.971535
16:44:47 - INFO - Step 0: train/value_loss = 19.896585
16:44:47 - INFO - Step 0: total_loss = 21.539488
16:44:49 - INFO - Episode   6: Reward=  21.0, Length= 21
16:44:50 - INFO - Episode   7: Reward=  14.0, Length= 14
16:44:51 - INFO - Episode   8: Reward=  15.0, Length= 15
16:44:53 - INFO - Episode   9: Reward=  15.0, Length= 15
16:44:54 - INFO - Episode  10: Reward=  20.0, Length= 20
16:44:54 - INFO - Starting training step...
16:44:57 - INFO - Step 1: train/policy_loss = 0.666839
16:44:57 - INFO - Step 1: train/reward_loss = 0.422913
16:44:57 - INFO - Step 1: train/value_loss = 16.657232
16:44:57 - INFO - Step 1: total_loss = 17.746984
16:44:58 - INFO - Episode  11: Reward=  18.0, Length= 18
16:45:00 - INFO - Episode  12: Reward=  20.0, Length= 20
16:45:02 - INFO - Episode  13: Reward=  22.0, Length= 22
16:45:03 - INFO - Episode  14: Reward=  18.0, Length= 18
16:45:04 - INFO - Episode  15: Reward=  17.0, Length= 17
16:45:04 - INFO - Starting training step...
16:45:07 - INFO - Step 2: train/policy_loss = 0.636627
16:45:07 - INFO - Step 2: train/reward_loss = 0.542607
16:45:07 - INFO - Step 2: train/value_loss = 14.073268
16:45:07 - INFO - Step 2: total_loss = 15.252501
16:45:08 - INFO - Episode  16: Reward=  10.0, Length= 10
16:45:09 - INFO - Episode  17: Reward=  14.0, Length= 14
16:45:11 - INFO - Episode  18: Reward=  24.0, Length= 24
16:45:13 - INFO - Episode  19: Reward=  30.0, Length= 30
16:45:15 - INFO - Episode  20: Reward=  21.0, Length= 21
16:45:15 - INFO - Starting training step...
16:45:18 - INFO - Step 3: train/policy_loss = 0.615861
16:45:18 - INFO - Step 3: train/reward_loss = 0.762748
16:45:18 - INFO - Step 3: train/value_loss = 12.687525
16:45:18 - INFO - Step 3: total_loss = 14.066133
16:45:19 - INFO - Episode  21: Reward=  13.0, Length= 13
16:45:20 - INFO - Episode  22: Reward=  14.0, Length= 14
16:45:21 - INFO - Episode  23: Reward=  16.0, Length= 16
16:45:23 - INFO - Episode  24: Reward=  15.0, Length= 15
16:45:24 - INFO - Episode  25: Reward=  17.0, Length= 17
16:45:24 - INFO - Starting training step...
16:45:27 - INFO - Step 4: train/policy_loss = 0.598776
16:45:27 - INFO - Step 4: train/reward_loss = 0.657827
16:45:27 - INFO - Step 4: train/value_loss = 12.468651
16:45:27 - INFO - Step 4: total_loss = 13.725254
16:45:29 - INFO - Episode  26: Reward=  23.0, Length= 23
16:45:30 - INFO - Episode  27: Reward=  14.0, Length= 14
16:45:31 - INFO - Episode  28: Reward=  11.0, Length= 11
16:45:33 - INFO - Episode  29: Reward=  27.0, Length= 27
16:45:34 - INFO - Episode  30: Reward=  14.0, Length= 14
16:45:34 - INFO - Starting training step...
16:45:37 - INFO - Step 5: train/policy_loss = 0.586531
16:45:37 - INFO - Step 5: train/reward_loss = 0.398943
16:45:37 - INFO - Step 5: train/value_loss = 12.731529
16:45:37 - INFO - Step 5: total_loss = 13.717003
16:45:38 - INFO - Episode  31: Reward=  10.0, Length= 10
16:45:39 - INFO - Episode  32: Reward=  11.0, Length= 11
16:45:40 - INFO - Episode  33: Reward=  17.0, Length= 17
16:45:41 - INFO - Episode  34: Reward=  14.0, Length= 14
16:45:42 - INFO - Episode  35: Reward=  14.0, Length= 14
16:45:42 - INFO - Starting training step...
16:45:45 - INFO - Step 6: train/policy_loss = 0.579393
16:45:45 - INFO - Step 6: train/reward_loss = 0.319419
16:45:45 - INFO - Step 6: train/value_loss = 12.572292
16:45:45 - INFO - Step 6: total_loss = 13.471105
16:45:46 - INFO - Episode  36: Reward=  13.0, Length= 13
16:45:48 - INFO - Episode  37: Reward=  18.0, Length= 18
16:45:49 - INFO - Episode  38: Reward=  13.0, Length= 13
16:45:51 - INFO - Episode  39: Reward=  31.0, Length= 31
16:45:52 - INFO - Episode  40: Reward=  14.0, Length= 14
16:45:52 - INFO - Starting training step...
16:45:53 - INFO - Step 7: train/policy_loss = 0.560116
16:45:53 - INFO - Step 7: train/reward_loss = 0.389763
16:45:53 - INFO - Step 7: train/value_loss = 11.999262
16:45:53 - INFO - Step 7: total_loss = 12.949141
16:45:55 - INFO - Episode  41: Reward=  32.0, Length= 32
16:45:56 - INFO - Episode  42: Reward=  14.0, Length= 14
16:45:58 - INFO - Episode  43: Reward=  14.0, Length= 14
16:45:59 - INFO - Episode  44: Reward=  14.0, Length= 14
16:46:01 - INFO - Episode  45: Reward=  29.0, Length= 29
16:46:01 - INFO - Starting training step...
16:46:01 - INFO - Step 8: train/policy_loss = 0.563325
16:46:01 - INFO - Step 8: train/reward_loss = 0.429408
16:46:01 - INFO - Step 8: train/value_loss = 11.236349
16:46:01 - INFO - Step 8: total_loss = 12.229082
16:46:02 - INFO - Episode  46: Reward=  11.0, Length= 11
16:46:04 - INFO - Episode  47: Reward=  26.0, Length= 26
16:46:06 - INFO - Episode  48: Reward=  16.0, Length= 16
16:46:07 - INFO - Episode  49: Reward=  20.0, Length= 20
16:46:10 - INFO - Episode  50: Reward=  35.0, Length= 35
16:46:10 - INFO - Starting training step...
16:46:10 - INFO - Step 9: train/policy_loss = 0.565862
16:46:10 - INFO - Step 9: train/reward_loss = 0.401935
16:46:10 - INFO - Step 9: train/value_loss = 10.722280
16:46:10 - INFO - Step 9: total_loss = 11.690077
16:46:12 - INFO - Episode  51: Reward=  23.0, Length= 23
16:46:18 - INFO - Episode  52: Reward=  72.0, Length= 72
16:46:20 - INFO - Episode  53: Reward=  29.0, Length= 29
16:46:22 - INFO - Episode  54: Reward=  21.0, Length= 21
16:46:25 - INFO - Episode  55: Reward=  31.0, Length= 31
16:46:25 - INFO - Starting training step...
16:46:25 - INFO - Step 10: train/policy_loss = 0.539206
16:46:25 - INFO - Step 10: train/reward_loss = 0.307051
16:46:25 - INFO - Step 10: train/value_loss = 10.508421
16:46:25 - INFO - Step 10: total_loss = 11.354678
16:46:28 - INFO - Episode  56: Reward=  33.0, Length= 33
16:46:29 - INFO - Episode  57: Reward=  14.0, Length= 14
16:46:36 - INFO - Episode  58: Reward=  98.0, Length= 98
16:46:38 - INFO - Episode  59: Reward=  18.0, Length= 18
16:46:43 - INFO - Episode  60: Reward=  66.0, Length= 66
16:46:43 - INFO - Starting training step...
16:46:44 - INFO - Step 11: train/policy_loss = 0.561876
16:46:44 - INFO - Step 11: train/reward_loss = 0.238066
16:46:44 - INFO - Step 11: train/value_loss = 10.324155
16:46:44 - INFO - Step 11: total_loss = 11.124097
16:46:45 - INFO - Episode  61: Reward=  20.0, Length= 20
16:46:48 - INFO - Episode  62: Reward=  41.0, Length= 41
16:46:50 - INFO - Episode  63: Reward=  19.0, Length= 19
16:46:52 - INFO - Episode  64: Reward=  19.0, Length= 19
16:46:54 - INFO - Episode  65: Reward=  33.0, Length= 33
16:46:54 - INFO - Starting training step...
16:46:55 - INFO - Step 12: train/policy_loss = 0.606506
16:46:55 - INFO - Step 12: train/reward_loss = 0.174176
16:46:55 - INFO - Step 12: train/value_loss = 10.193632
16:46:55 - INFO - Step 12: total_loss = 10.974313
16:46:58 - INFO - Episode  66: Reward=  43.0, Length= 43
16:47:01 - INFO - Episode  67: Reward=  38.0, Length= 38
16:47:04 - INFO - Episode  68: Reward=  32.0, Length= 32
16:47:08 - INFO - Episode  69: Reward=  54.0, Length= 54
16:47:12 - INFO - Episode  70: Reward=  43.0, Length= 43
16:47:12 - INFO - Starting training step...
16:47:12 - INFO - Step 13: train/policy_loss = 0.589064
16:47:12 - INFO - Step 13: train/reward_loss = 0.160485
16:47:12 - INFO - Step 13: train/value_loss = 9.958766
16:47:12 - INFO - Step 13: total_loss = 10.708316
16:47:14 - INFO - Episode  71: Reward=  32.0, Length= 32
16:47:20 - INFO - Episode  72: Reward=  72.0, Length= 72
16:47:25 - INFO - Episode  73: Reward=  58.0, Length= 58
16:47:31 - INFO - Episode  74: Reward=  76.0, Length= 76
16:47:36 - INFO - Episode  75: Reward=  70.0, Length= 70
16:47:36 - INFO - Starting training step...
16:47:37 - INFO - Step 14: train/policy_loss = 0.589358
16:47:37 - INFO - Step 14: train/reward_loss = 0.176966
16:47:37 - INFO - Step 14: train/value_loss = 9.790068
16:47:37 - INFO - Step 14: total_loss = 10.556392
16:47:37 - INFO - Updating target network at step 15
16:47:40 - INFO - Episode  76: Reward=  35.0, Length= 35
16:47:40 - INFO - Updating target network at step 15
16:47:43 - INFO - Episode  77: Reward=  43.0, Length= 43
16:47:43 - INFO - Updating target network at step 15
16:47:46 - INFO - Episode  78: Reward=  34.0, Length= 34
16:47:46 - INFO - Updating target network at step 15
16:47:48 - INFO - Episode  79: Reward=  19.0, Length= 19
16:47:48 - INFO - Updating target network at step 15
16:47:51 - INFO - Episode  80: Reward=  39.0, Length= 39
16:47:51 - INFO - Starting training step...
16:47:51 - INFO - Step 15: train/policy_loss = 0.634210
16:47:51 - INFO - Step 15: train/reward_loss = 0.181665
16:47:51 - INFO - Step 15: train/value_loss = 15.919616
16:47:51 - INFO - Step 15: total_loss = 16.735491
16:47:55 - INFO - Episode  81: Reward=  39.0, Length= 39
16:47:56 - INFO - Episode  82: Reward=  12.0, Length= 12
16:47:57 - INFO - Episode  83: Reward=  22.0, Length= 22
16:47:59 - INFO - Episode  84: Reward=  20.0, Length= 20
16:48:01 - INFO - Episode  85: Reward=  19.0, Length= 19
16:48:01 - INFO - Starting training step...
16:48:01 - INFO - Step 16: train/policy_loss = 0.632875
16:48:01 - INFO - Step 16: train/reward_loss = 0.220721
16:48:01 - INFO - Step 16: train/value_loss = 16.448545
16:48:01 - INFO - Step 16: total_loss = 17.302141
16:48:02 - INFO - Episode  86: Reward=  15.0, Length= 15
16:48:03 - INFO - Episode  87: Reward=  10.0, Length= 10
16:48:04 - INFO - Episode  88: Reward=  14.0, Length= 14
16:48:05 - INFO - Episode  89: Reward=  17.0, Length= 17
16:48:07 - INFO - Episode  90: Reward=  23.0, Length= 23
16:48:07 - INFO - Starting training step...
16:48:08 - INFO - Step 17: train/policy_loss = 0.568335
16:48:08 - INFO - Step 17: train/reward_loss = 0.232569
16:48:08 - INFO - Step 17: train/value_loss = 15.895153
16:48:08 - INFO - Step 17: total_loss = 16.696056
16:48:09 - INFO - Episode  91: Reward=  18.0, Length= 18
16:48:11 - INFO - Episode  92: Reward=  27.0, Length= 27
16:48:13 - INFO - Episode  93: Reward=  13.0, Length= 13
16:48:14 - INFO - Episode  94: Reward=  16.0, Length= 16
16:48:15 - INFO - Episode  95: Reward=  17.0, Length= 17
16:48:15 - INFO - Starting training step...
16:48:16 - INFO - Step 18: train/policy_loss = 0.621052
16:48:16 - INFO - Step 18: train/reward_loss = 0.207128
16:48:16 - INFO - Step 18: train/value_loss = 15.230062
16:48:16 - INFO - Step 18: total_loss = 16.058243
16:48:18 - INFO - Episode  96: Reward=  21.0, Length= 21
16:48:19 - INFO - Episode  97: Reward=  12.0, Length= 12
16:48:19 - INFO - Episode  98: Reward=  11.0, Length= 11
16:48:21 - INFO - Episode  99: Reward=  16.0, Length= 16
16:48:22 - INFO - Episode 100: Reward=  11.0, Length= 11
16:48:22 - INFO - Starting training step...
16:48:22 - INFO - Step 19: train/policy_loss = 0.558425
16:48:22 - INFO - Step 19: train/reward_loss = 0.183997
16:48:22 - INFO - Step 19: train/value_loss = 13.961586
16:48:22 - INFO - Step 19: total_loss = 14.704008
16:48:23 - INFO - Episode 101: Reward=  12.0, Length= 12
16:48:25 - INFO - Episode 102: Reward=  19.0, Length= 19
16:48:26 - INFO - Episode 103: Reward=  11.0, Length= 11
16:48:27 - INFO - Episode 104: Reward=  12.0, Length= 12
16:48:27 - INFO - Episode 105: Reward=  12.0, Length= 12
16:48:27 - INFO - Starting training step...
16:48:28 - INFO - Step 20: train/policy_loss = 0.585958
16:48:28 - INFO - Step 20: train/reward_loss = 0.120501
16:48:28 - INFO - Step 20: train/value_loss = 13.934237
16:48:28 - INFO - Step 20: total_loss = 14.640697
16:48:29 - INFO - Episode 106: Reward=  13.0, Length= 13
16:48:30 - INFO - Episode 107: Reward=  15.0, Length= 15
16:48:31 - INFO - Episode 108: Reward=  11.0, Length= 11
16:48:32 - INFO - Episode 109: Reward=  16.0, Length= 16
16:48:33 - INFO - Episode 110: Reward=  11.0, Length= 11
16:48:33 - INFO - Starting training step...
16:48:33 - INFO - Step 21: train/policy_loss = 0.544635
16:48:33 - INFO - Step 21: train/reward_loss = 0.083178
16:48:33 - INFO - Step 21: train/value_loss = 14.545041
16:48:33 - INFO - Step 21: total_loss = 15.172853
16:48:34 - INFO - Episode 111: Reward=  12.0, Length= 12
16:48:35 - INFO - Episode 112: Reward=  13.0, Length= 13
16:48:36 - INFO - Episode 113: Reward=  11.0, Length= 11
16:48:37 - INFO - Episode 114: Reward=   9.0, Length=  9
16:48:38 - INFO - Episode 115: Reward=  12.0, Length= 12
16:48:38 - INFO - Starting training step...
16:48:38 - INFO - Step 22: train/policy_loss = 0.530445
16:48:38 - INFO - Step 22: train/reward_loss = 0.125061
16:48:38 - INFO - Step 22: train/value_loss = 13.280929
16:48:38 - INFO - Step 22: total_loss = 13.936435
16:48:39 - INFO - Episode 116: Reward=  11.0, Length= 11
16:48:40 - INFO - Episode 117: Reward=  16.0, Length= 16
16:48:41 - INFO - Episode 118: Reward=   9.0, Length=  9
16:48:42 - INFO - Episode 119: Reward=  14.0, Length= 14
16:48:43 - INFO - Episode 120: Reward=  15.0, Length= 15
16:48:43 - INFO - Starting training step...
16:48:44 - INFO - Step 23: train/policy_loss = 0.556492
16:48:44 - INFO - Step 23: train/reward_loss = 0.220804
16:48:44 - INFO - Step 23: train/value_loss = 13.436384
16:48:44 - INFO - Step 23: total_loss = 14.213680
16:48:45 - INFO - Episode 121: Reward=  13.0, Length= 13
16:48:46 - INFO - Episode 122: Reward=  11.0, Length= 11
16:48:46 - INFO - Episode 123: Reward=   8.0, Length=  8
16:48:47 - INFO - Episode 124: Reward=   8.0, Length=  8
16:48:48 - INFO - Episode 125: Reward=  12.0, Length= 12
16:48:48 - INFO - Starting training step...
16:48:48 - INFO - Step 24: train/policy_loss = 0.506490
16:48:48 - INFO - Step 24: train/reward_loss = 0.311727
16:48:48 - INFO - Step 24: train/value_loss = 13.024084
16:48:48 - INFO - Step 24: total_loss = 13.842300
16:48:49 - INFO - Episode 126: Reward=  10.0, Length= 10
16:48:50 - INFO - Episode 127: Reward=  10.0, Length= 10
16:48:51 - INFO - Episode 128: Reward=  12.0, Length= 12
16:48:52 - INFO - Episode 129: Reward=  10.0, Length= 10
16:48:52 - INFO - Episode 130: Reward=  10.0, Length= 10
16:48:52 - INFO - Starting training step...
16:48:53 - INFO - Step 25: train/policy_loss = 0.510566
16:48:53 - INFO - Step 25: train/reward_loss = 0.304383
16:48:53 - INFO - Step 25: train/value_loss = 12.439187
16:48:53 - INFO - Step 25: total_loss = 13.254136
16:48:54 - INFO - Episode 131: Reward=  15.0, Length= 15
16:48:55 - INFO - Episode 132: Reward=  15.0, Length= 15
16:48:56 - INFO - Episode 133: Reward=  14.0, Length= 14
16:48:57 - INFO - Episode 134: Reward=  11.0, Length= 11
16:48:59 - INFO - Episode 135: Reward=  18.0, Length= 18
16:48:59 - INFO - Starting training step...
16:48:59 - INFO - Step 26: train/policy_loss = 0.546545
16:48:59 - INFO - Step 26: train/reward_loss = 0.209747
16:48:59 - INFO - Step 26: train/value_loss = 12.596045
16:48:59 - INFO - Step 26: total_loss = 13.352337
16:49:00 - INFO - Episode 136: Reward=   9.0, Length=  9
16:49:01 - INFO - Episode 137: Reward=   8.0, Length=  8
16:49:01 - INFO - Episode 138: Reward=   9.0, Length=  9
16:49:04 - INFO - Episode 139: Reward=  30.0, Length= 30
16:49:05 - INFO - Episode 140: Reward=  12.0, Length= 12
16:49:05 - INFO - Starting training step...
16:49:05 - INFO - Step 27: train/policy_loss = 0.560620
16:49:05 - INFO - Step 27: train/reward_loss = 0.114420
16:49:05 - INFO - Step 27: train/value_loss = 10.330211
16:49:05 - INFO - Step 27: total_loss = 11.005251
16:49:06 - INFO - Episode 141: Reward=  14.0, Length= 14
16:49:07 - INFO - Episode 142: Reward=  12.0, Length= 12
16:49:11 - INFO - Episode 143: Reward=  39.0, Length= 39
16:49:12 - INFO - Episode 144: Reward=  14.0, Length= 14
16:49:13 - INFO - Episode 145: Reward=  22.0, Length= 22
16:49:13 - INFO - Starting training step...
16:49:14 - INFO - Step 28: train/policy_loss = 0.541567
16:49:14 - INFO - Step 28: train/reward_loss = 0.115586
16:49:14 - INFO - Step 28: train/value_loss = 10.853938
16:49:14 - INFO - Step 28: total_loss = 11.511091
16:49:16 - INFO - Episode 146: Reward=  26.0, Length= 26
16:49:17 - INFO - Episode 147: Reward=  12.0, Length= 12
16:49:18 - INFO - Episode 148: Reward=  16.0, Length= 16
16:49:20 - INFO - Episode 149: Reward=  18.0, Length= 18
16:49:21 - INFO - Episode 150: Reward=  15.0, Length= 15
16:49:21 - INFO - Starting training step...
16:49:22 - INFO - Step 29: train/policy_loss = 0.533233
16:49:22 - INFO - Step 29: train/reward_loss = 0.245816
16:49:22 - INFO - Step 29: train/value_loss = 11.183248
16:49:22 - INFO - Step 29: total_loss = 11.962296
16:49:22 - INFO - Updating target network at step 30
16:49:26 - INFO - Episode 151: Reward=  51.0, Length= 51
16:49:26 - INFO - Updating target network at step 30
16:49:27 - INFO - Episode 152: Reward=  16.0, Length= 16
16:49:27 - INFO - Updating target network at step 30
16:49:28 - INFO - Episode 153: Reward=  12.0, Length= 12
16:49:28 - INFO - Updating target network at step 30
16:49:32 - INFO - Episode 154: Reward=  36.0, Length= 36
16:49:32 - INFO - Updating target network at step 30
16:49:33 - INFO - Episode 155: Reward=  15.0, Length= 15
16:49:33 - INFO - Starting training step...
16:49:33 - INFO - Step 30: train/policy_loss = 0.569053
16:49:33 - INFO - Step 30: train/reward_loss = 0.284864
16:49:33 - INFO - Step 30: train/value_loss = 26.016865
16:49:33 - INFO - Step 30: total_loss = 26.870783
16:49:34 - INFO - Episode 156: Reward=  13.0, Length= 13
16:49:36 - INFO - Episode 157: Reward=  17.0, Length= 17
16:49:37 - INFO - Episode 158: Reward=  12.0, Length= 12
16:49:38 - INFO - Episode 159: Reward=  12.0, Length= 12
16:49:39 - INFO - Episode 160: Reward=  19.0, Length= 19
16:49:39 - INFO - Starting training step...
16:49:39 - INFO - Step 31: train/policy_loss = 0.538948
16:49:39 - INFO - Step 31: train/reward_loss = 0.380865
16:49:39 - INFO - Step 31: train/value_loss = 24.636417
16:49:39 - INFO - Step 31: total_loss = 25.556231
16:49:41 - INFO - Episode 161: Reward=  21.0, Length= 21
16:49:44 - INFO - Episode 162: Reward=  35.0, Length= 35
16:49:45 - INFO - Episode 163: Reward=  15.0, Length= 15
16:49:46 - INFO - Episode 164: Reward=  12.0, Length= 12
16:49:48 - INFO - Episode 165: Reward=  21.0, Length= 21
16:49:48 - INFO - Starting training step...
16:49:48 - INFO - Step 32: train/policy_loss = 0.539174
16:49:48 - INFO - Step 32: train/reward_loss = 0.507544
16:49:48 - INFO - Step 32: train/value_loss = 19.824202
16:49:48 - INFO - Step 32: total_loss = 20.870918
16:49:49 - INFO - Episode 166: Reward=  14.0, Length= 14
16:49:51 - INFO - Episode 167: Reward=  15.0, Length= 15
16:49:52 - INFO - Episode 168: Reward=  12.0, Length= 12
16:49:54 - INFO - Episode 169: Reward=  29.0, Length= 29
16:49:56 - INFO - Episode 170: Reward=  23.0, Length= 23
16:49:56 - INFO - Starting training step...
16:49:56 - INFO - Step 33: train/policy_loss = 0.543408
16:49:56 - INFO - Step 33: train/reward_loss = 0.458549
16:49:56 - INFO - Step 33: train/value_loss = 21.000156
16:49:56 - INFO - Step 33: total_loss = 22.002113
16:49:58 - INFO - Episode 171: Reward=  16.0, Length= 16
16:49:58 - INFO - Episode 172: Reward=   9.0, Length=  9
16:50:00 - INFO - Episode 173: Reward=  14.0, Length= 14
16:50:01 - INFO - Episode 174: Reward=  14.0, Length= 14
16:50:03 - INFO - Episode 175: Reward=  31.0, Length= 31
16:50:03 - INFO - Starting training step...
16:50:04 - INFO - Step 34: train/policy_loss = 0.566701
16:50:04 - INFO - Step 34: train/reward_loss = 0.205468
16:50:04 - INFO - Step 34: train/value_loss = 17.786530
16:50:04 - INFO - Step 34: total_loss = 18.558699
16:50:05 - INFO - Episode 176: Reward=  18.0, Length= 18
16:50:07 - INFO - Episode 177: Reward=  19.0, Length= 19
16:50:08 - INFO - Episode 178: Reward=  10.0, Length= 10
16:50:09 - INFO - Episode 179: Reward=  22.0, Length= 22
16:50:11 - INFO - Episode 180: Reward=  17.0, Length= 17
16:50:11 - INFO - Starting training step...
16:50:11 - INFO - Step 35: train/policy_loss = 0.510966
16:50:11 - INFO - Step 35: train/reward_loss = 0.360471
16:50:11 - INFO - Step 35: train/value_loss = 21.695164
16:50:11 - INFO - Step 35: total_loss = 22.566601
16:50:13 - INFO - Episode 181: Reward=  22.0, Length= 22
16:50:15 - INFO - Episode 182: Reward=  21.0, Length= 21
16:50:16 - INFO - Episode 183: Reward=  11.0, Length= 11
16:50:16 - INFO - Episode 184: Reward=  11.0, Length= 11
16:50:18 - INFO - Episode 185: Reward=  14.0, Length= 14
16:50:18 - INFO - Starting training step...
16:50:18 - INFO - Step 36: train/policy_loss = 0.530387
16:50:18 - INFO - Step 36: train/reward_loss = 0.897094
16:50:18 - INFO - Step 36: train/value_loss = 18.748129
16:50:18 - INFO - Step 36: total_loss = 20.175610
16:50:20 - INFO - Episode 186: Reward=  21.0, Length= 21
16:50:20 - INFO - Episode 187: Reward=  11.0, Length= 11
16:50:22 - INFO - Episode 188: Reward=  18.0, Length= 18
16:50:23 - INFO - Episode 189: Reward=  12.0, Length= 12
16:50:25 - INFO - Episode 190: Reward=  22.0, Length= 22
16:50:25 - INFO - Starting training step...
16:50:25 - INFO - Step 37: train/policy_loss = 0.515719
16:50:25 - INFO - Step 37: train/reward_loss = 1.171069
16:50:25 - INFO - Step 37: train/value_loss = 23.221628
16:50:25 - INFO - Step 37: total_loss = 24.908417
16:50:26 - INFO - Episode 191: Reward=  16.0, Length= 16
16:50:28 - INFO - Episode 192: Reward=  21.0, Length= 21
16:50:30 - INFO - Episode 193: Reward=  21.0, Length= 21
16:50:31 - INFO - Episode 194: Reward=  14.0, Length= 14
16:50:32 - INFO - Episode 195: Reward=  12.0, Length= 12
16:50:32 - INFO - Starting training step...
16:50:32 - INFO - Step 38: train/policy_loss = 0.536620
16:50:32 - INFO - Step 38: train/reward_loss = 0.777550
16:50:32 - INFO - Step 38: train/value_loss = 17.218128
16:50:32 - INFO - Step 38: total_loss = 18.532297
16:50:34 - INFO - Episode 196: Reward=  20.0, Length= 20
16:50:36 - INFO - Episode 197: Reward=  25.0, Length= 25
16:50:38 - INFO - Episode 198: Reward=  24.0, Length= 24
16:50:39 - INFO - Episode 199: Reward=  16.0, Length= 16
16:50:40 - INFO - Episode 200: Reward=  12.0, Length= 12
16:50:40 - INFO - Starting training step...
16:50:41 - INFO - Step 39: train/policy_loss = 0.503214
16:50:41 - INFO - Step 39: train/reward_loss = 0.292536
16:50:41 - INFO - Step 39: train/value_loss = 22.283051
16:50:41 - INFO - Step 39: total_loss = 23.078800
16:50:41 - INFO - Episode 201: Reward=  11.0, Length= 11
16:50:43 - INFO - Episode 202: Reward=  15.0, Length= 15
16:50:44 - INFO - Episode 203: Reward=  13.0, Length= 13
16:50:45 - INFO - Episode 204: Reward=  15.0, Length= 15
16:50:46 - INFO - Episode 205: Reward=   8.0, Length=  8
16:50:46 - INFO - Starting training step...
16:50:47 - INFO - Step 40: train/policy_loss = 0.570090
16:50:47 - INFO - Step 40: train/reward_loss = 0.272015
16:50:47 - INFO - Step 40: train/value_loss = 15.860106
16:50:47 - INFO - Step 40: total_loss = 16.702211
16:50:48 - INFO - Episode 206: Reward=  15.0, Length= 15
16:50:50 - INFO - Episode 207: Reward=  16.0, Length= 16
16:50:51 - INFO - Episode 208: Reward=  10.0, Length= 10
16:50:52 - INFO - Episode 209: Reward=  21.0, Length= 21
16:50:54 - INFO - Episode 210: Reward=  21.0, Length= 21
16:50:54 - INFO - Starting training step...
16:50:55 - INFO - Step 41: train/policy_loss = 0.611235
16:50:55 - INFO - Step 41: train/reward_loss = 0.635443
16:50:55 - INFO - Step 41: train/value_loss = 15.932876
16:50:55 - INFO - Step 41: total_loss = 17.179554
16:50:57 - INFO - Episode 211: Reward=  20.0, Length= 20
16:51:04 - INFO - Episode 212: Reward=  74.0, Length= 74
16:51:05 - INFO - Episode 213: Reward=  13.0, Length= 13
16:51:07 - INFO - Episode 214: Reward=  18.0, Length= 18
16:51:08 - INFO - Episode 215: Reward=  13.0, Length= 13
16:51:08 - INFO - Starting training step...
16:51:08 - INFO - Step 42: train/policy_loss = 0.548347
16:51:08 - INFO - Step 42: train/reward_loss = 0.712347
16:51:08 - INFO - Step 42: train/value_loss = 16.463724
16:51:08 - INFO - Step 42: total_loss = 17.724419
16:51:10 - INFO - Episode 216: Reward=  16.0, Length= 16
16:51:14 - INFO - Episode 217: Reward=  54.0, Length= 54
16:51:16 - INFO - Episode 218: Reward=  19.0, Length= 19
16:51:17 - INFO - Episode 219: Reward=  18.0, Length= 18
16:51:18 - INFO - Episode 220: Reward=  12.0, Length= 12
16:51:18 - INFO - Starting training step...
16:51:19 - INFO - Step 43: train/policy_loss = 0.557108
16:51:19 - INFO - Step 43: train/reward_loss = 0.394550
16:51:19 - INFO - Step 43: train/value_loss = 16.052893
16:51:19 - INFO - Step 43: total_loss = 17.004551
16:51:23 - INFO - Episode 221: Reward=  46.0, Length= 46
16:51:24 - INFO - Episode 222: Reward=  12.0, Length= 12
16:51:25 - INFO - Episode 223: Reward=  12.0, Length= 12
16:51:29 - INFO - Episode 224: Reward=  44.0, Length= 44
16:51:30 - INFO - Episode 225: Reward=  12.0, Length= 12
16:51:30 - INFO - Starting training step...
16:51:30 - INFO - Step 44: train/policy_loss = 0.607133
16:51:30 - INFO - Step 44: train/reward_loss = 0.158843
16:51:30 - INFO - Step 44: train/value_loss = 13.177675
16:51:30 - INFO - Step 44: total_loss = 13.943652
16:51:30 - INFO - Updating target network at step 45
16:51:31 - INFO - Episode 226: Reward=  10.0, Length= 10
16:51:31 - INFO - Updating target network at step 45
16:51:33 - INFO - Episode 227: Reward=  23.0, Length= 23
16:51:33 - INFO - Updating target network at step 45
16:51:37 - INFO - Episode 228: Reward=  44.0, Length= 44
16:51:37 - INFO - Updating target network at step 45
16:51:38 - INFO - Episode 229: Reward=  10.0, Length= 10
16:51:38 - INFO - Updating target network at step 45
16:51:39 - INFO - Episode 230: Reward=  16.0, Length= 16
16:51:39 - INFO - Starting training step...
16:51:40 - INFO - Step 45: train/policy_loss = 0.602969
16:51:40 - INFO - Step 45: train/reward_loss = 0.086923
16:51:40 - INFO - Step 45: train/value_loss = 56.335968
16:51:40 - INFO - Step 45: total_loss = 57.025860
16:51:41 - INFO - Episode 231: Reward=  11.0, Length= 11
16:51:42 - INFO - Episode 232: Reward=  13.0, Length= 13
16:51:43 - INFO - Episode 233: Reward=  13.0, Length= 13
16:51:46 - INFO - Episode 234: Reward=  20.0, Length= 20
16:51:47 - INFO - Episode 235: Reward=  10.0, Length= 10
16:51:47 - INFO - Starting training step...
16:51:47 - INFO - Step 46: train/policy_loss = 0.599414
16:51:47 - INFO - Step 46: train/reward_loss = 0.083096
16:51:47 - INFO - Step 46: train/value_loss = 26.740215
16:51:47 - INFO - Step 46: total_loss = 27.422726
16:51:50 - INFO - Episode 236: Reward=  26.0, Length= 26
16:51:51 - INFO - Episode 237: Reward=  12.0, Length= 12
16:51:52 - INFO - Episode 238: Reward=  13.0, Length= 13
16:51:55 - INFO - Episode 239: Reward=  28.0, Length= 28
16:51:57 - INFO - Episode 240: Reward=  28.0, Length= 28
16:51:57 - INFO - Starting training step...
16:51:58 - INFO - Step 47: train/policy_loss = 0.574414
16:51:58 - INFO - Step 47: train/reward_loss = 0.050094
16:51:58 - INFO - Step 47: train/value_loss = 32.286282
16:51:58 - INFO - Step 47: total_loss = 32.910789
16:51:59 - INFO - Episode 241: Reward=  21.0, Length= 21
16:52:02 - INFO - Episode 242: Reward=  25.0, Length= 25
16:52:03 - INFO - Episode 243: Reward=  17.0, Length= 17
16:52:05 - INFO - Episode 244: Reward=  15.0, Length= 15
16:52:06 - INFO - Episode 245: Reward=  17.0, Length= 17
16:52:06 - INFO - Starting training step...
16:52:07 - INFO - Step 48: train/policy_loss = 0.603469
16:52:07 - INFO - Step 48: train/reward_loss = 0.023093
16:52:07 - INFO - Step 48: train/value_loss = 43.975010
16:52:07 - INFO - Step 48: total_loss = 44.601574
16:52:08 - INFO - Episode 246: Reward=  13.0, Length= 13
16:52:09 - INFO - Episode 247: Reward=  10.0, Length= 10
16:52:11 - INFO - Episode 248: Reward=  17.0, Length= 17
16:52:12 - INFO - Episode 249: Reward=  15.0, Length= 15
16:52:13 - INFO - Episode 250: Reward=   9.0, Length=  9
16:52:13 - INFO - Starting training step...
16:52:13 - INFO - Step 49: train/policy_loss = 0.574923
16:52:13 - INFO - Step 49: train/reward_loss = 0.016863
16:52:13 - INFO - Step 49: train/value_loss = 37.944405
16:52:13 - INFO - Step 49: total_loss = 38.536194
16:52:14 - INFO - Episode 251: Reward=  11.0, Length= 11
16:52:16 - INFO - Episode 252: Reward=  11.0, Length= 11
16:52:17 - INFO - Episode 253: Reward=  10.0, Length= 10
16:52:18 - INFO - Episode 254: Reward=  11.0, Length= 11
16:52:19 - INFO - Episode 255: Reward=  12.0, Length= 12
16:52:19 - INFO - Starting training step...
16:52:19 - INFO - Step 50: train/policy_loss = 0.597095
16:52:19 - INFO - Step 50: train/reward_loss = 0.020204
16:52:19 - INFO - Step 50: train/value_loss = 48.119148
16:52:19 - INFO - Step 50: total_loss = 48.736446
16:52:20 - INFO - Episode 256: Reward=  13.0, Length= 13
16:52:21 - INFO - Episode 257: Reward=  12.0, Length= 12
16:52:23 - INFO - Episode 258: Reward=  22.0, Length= 22
16:52:24 - INFO - Episode 259: Reward=  12.0, Length= 12
16:52:26 - INFO - Episode 260: Reward=  13.0, Length= 13
16:52:26 - INFO - Starting training step...
16:52:26 - INFO - Step 51: train/policy_loss = 0.574787
16:52:26 - INFO - Step 51: train/reward_loss = 0.084011
16:52:26 - INFO - Step 51: train/value_loss = 41.398239
16:52:26 - INFO - Step 51: total_loss = 42.057037
16:52:29 - INFO - Episode 261: Reward=  32.0, Length= 32
16:52:31 - INFO - Episode 262: Reward=  19.0, Length= 19
16:52:32 - INFO - Episode 263: Reward=  10.0, Length= 10
16:52:33 - INFO - Episode 264: Reward=  13.0, Length= 13
16:52:34 - INFO - Episode 265: Reward=  16.0, Length= 16
16:52:34 - INFO - Starting training step...
16:52:35 - INFO - Step 52: train/policy_loss = 0.541316
16:52:35 - INFO - Step 52: train/reward_loss = 0.140565
16:52:35 - INFO - Step 52: train/value_loss = 35.069218
16:52:35 - INFO - Step 52: total_loss = 35.751099
16:52:36 - INFO - Episode 266: Reward=  12.0, Length= 12
16:52:37 - INFO - Episode 267: Reward=  15.0, Length= 15
16:52:38 - INFO - Episode 268: Reward=  16.0, Length= 16
16:52:41 - INFO - Episode 269: Reward=  26.0, Length= 26
16:52:42 - INFO - Episode 270: Reward=  13.0, Length= 13
16:52:42 - INFO - Starting training step...
16:52:42 - INFO - Step 53: train/policy_loss = 0.510564
16:52:42 - INFO - Step 53: train/reward_loss = 0.120892
16:52:42 - INFO - Step 53: train/value_loss = 33.077831
16:52:42 - INFO - Step 53: total_loss = 33.709286
16:52:43 - INFO - Episode 271: Reward=  12.0, Length= 12
16:52:47 - INFO - Episode 272: Reward=  44.0, Length= 44
16:52:49 - INFO - Episode 273: Reward=  12.0, Length= 12
16:52:50 - INFO - Episode 274: Reward=  12.0, Length= 12
16:52:53 - INFO - Episode 275: Reward=  39.0, Length= 39
16:52:53 - INFO - Starting training step...
16:52:53 - INFO - Step 54: train/policy_loss = 0.585464
16:52:53 - INFO - Step 54: train/reward_loss = 0.039309
16:52:53 - INFO - Step 54: train/value_loss = 39.839226
16:52:53 - INFO - Step 54: total_loss = 40.463997
16:52:55 - INFO - Episode 276: Reward=  15.0, Length= 15
16:52:56 - INFO - Episode 277: Reward=  15.0, Length= 15
16:52:57 - INFO - Episode 278: Reward=  13.0, Length= 13
16:52:59 - INFO - Episode 279: Reward=  19.0, Length= 19
16:53:01 - INFO - Episode 280: Reward=  16.0, Length= 16
16:53:01 - INFO - Starting training step...
16:53:01 - INFO - Step 55: train/policy_loss = 0.604549
16:53:01 - INFO - Step 55: train/reward_loss = 0.027336
16:53:01 - INFO - Step 55: train/value_loss = 31.834475
16:53:01 - INFO - Step 55: total_loss = 32.466358
16:53:02 - INFO - Episode 281: Reward=  13.0, Length= 13
16:53:04 - INFO - Episode 282: Reward=  19.0, Length= 19
16:53:06 - INFO - Episode 283: Reward=  23.0, Length= 23
16:53:07 - INFO - Episode 284: Reward=  14.0, Length= 14
16:53:08 - INFO - Episode 285: Reward=  12.0, Length= 12
16:53:08 - INFO - Starting training step...
16:53:09 - INFO - Step 56: train/policy_loss = 0.549209
16:53:09 - INFO - Step 56: train/reward_loss = 0.136368
16:53:09 - INFO - Step 56: train/value_loss = 29.736456
16:53:09 - INFO - Step 56: total_loss = 30.422031
16:53:10 - INFO - Episode 286: Reward=  16.0, Length= 16
16:53:11 - INFO - Episode 287: Reward=  13.0, Length= 13
16:53:13 - INFO - Episode 288: Reward=  21.0, Length= 21
16:53:14 - INFO - Episode 289: Reward=   8.0, Length=  8
16:53:15 - INFO - Episode 290: Reward=  10.0, Length= 10
16:53:15 - INFO - Starting training step...
16:53:15 - INFO - Step 57: train/policy_loss = 0.571213
16:53:15 - INFO - Step 57: train/reward_loss = 0.264824
16:53:15 - INFO - Step 57: train/value_loss = 20.817842
16:53:15 - INFO - Step 57: total_loss = 21.653879
16:53:17 - INFO - Episode 291: Reward=  20.0, Length= 20
16:53:19 - INFO - Episode 292: Reward=  19.0, Length= 19
16:53:20 - INFO - Episode 293: Reward=  12.0, Length= 12
16:53:22 - INFO - Episode 294: Reward=  26.0, Length= 26
16:53:24 - INFO - Episode 295: Reward=  14.0, Length= 14
16:53:24 - INFO - Starting training step...
16:53:24 - INFO - Step 58: train/policy_loss = 0.616177
16:53:24 - INFO - Step 58: train/reward_loss = 0.180994
16:53:24 - INFO - Step 58: train/value_loss = 25.885038
16:53:24 - INFO - Step 58: total_loss = 26.682209
16:53:25 - INFO - Episode 296: Reward=  13.0, Length= 13
16:53:26 - INFO - Episode 297: Reward=  16.0, Length= 16
16:53:27 - INFO - Episode 298: Reward=  10.0, Length= 10
16:53:28 - INFO - Episode 299: Reward=   9.0, Length=  9
16:53:29 - INFO - Episode 300: Reward=  14.0, Length= 14
16:53:29 - INFO - Starting training step...
16:53:30 - INFO - Step 59: train/policy_loss = 0.576857
16:53:30 - INFO - Step 59: train/reward_loss = 0.038219
16:53:30 - INFO - Step 59: train/value_loss = 25.349037
16:53:30 - INFO - Step 59: total_loss = 25.964113
16:53:30 - INFO - Updating target network at step 60
16:53:31 - INFO - Episode 301: Reward=  15.0, Length= 15
16:53:31 - INFO - Updating target network at step 60
16:53:32 - INFO - Episode 302: Reward=  13.0, Length= 13
16:53:32 - INFO - Updating target network at step 60
16:53:33 - INFO - Episode 303: Reward=  11.0, Length= 11
16:53:33 - INFO - Updating target network at step 60
16:53:34 - INFO - Episode 304: Reward=  14.0, Length= 14
16:53:34 - INFO - Updating target network at step 60
16:53:35 - INFO - Episode 305: Reward=   9.0, Length=  9
16:53:35 - INFO - Starting training step...
16:53:35 - INFO - Step 60: train/policy_loss = 0.604606
16:53:35 - INFO - Step 60: train/reward_loss = 0.031659
16:53:35 - INFO - Step 60: train/value_loss = 80.058319
16:53:35 - INFO - Step 60: total_loss = 80.694588
16:53:36 - INFO - Episode 306: Reward=  11.0, Length= 11
16:53:38 - INFO - Episode 307: Reward=  19.0, Length= 19
16:53:39 - INFO - Episode 308: Reward=  15.0, Length= 15
16:53:40 - INFO - Episode 309: Reward=  10.0, Length= 10
16:53:41 - INFO - Episode 310: Reward=  11.0, Length= 11
16:53:41 - INFO - Starting training step...
16:53:41 - INFO - Step 61: train/policy_loss = 0.572996
16:53:41 - INFO - Step 61: train/reward_loss = 0.044885
16:53:41 - INFO - Step 61: train/value_loss = 82.612251
16:53:41 - INFO - Step 61: total_loss = 83.230133
16:53:42 - INFO - Episode 311: Reward=  13.0, Length= 13
16:53:43 - INFO - Episode 312: Reward=  12.0, Length= 12
16:53:44 - INFO - Episode 313: Reward=  10.0, Length= 10
16:53:45 - INFO - Episode 314: Reward=  17.0, Length= 17
16:53:49 - INFO - Episode 315: Reward=  43.0, Length= 43
16:53:49 - INFO - Starting training step...
16:53:49 - INFO - Step 62: train/policy_loss = 0.582153
16:53:49 - INFO - Step 62: train/reward_loss = 0.015398
16:53:49 - INFO - Step 62: train/value_loss = 60.420017
16:53:49 - INFO - Step 62: total_loss = 61.017567
16:53:50 - INFO - Episode 316: Reward=  10.0, Length= 10
16:53:51 - INFO - Episode 317: Reward=   9.0, Length=  9
16:53:52 - INFO - Episode 318: Reward=  12.0, Length= 12
16:53:53 - INFO - Episode 319: Reward=   9.0, Length=  9
16:53:53 - INFO - Episode 320: Reward=  12.0, Length= 12
16:53:54 - INFO - Starting training step...
16:53:54 - INFO - Step 63: train/policy_loss = 0.600263
16:53:54 - INFO - Step 63: train/reward_loss = 0.049999
16:53:54 - INFO - Step 63: train/value_loss = 78.938904
16:53:54 - INFO - Step 63: total_loss = 79.589165
16:53:55 - INFO - Episode 321: Reward=  12.0, Length= 12
16:53:56 - INFO - Episode 322: Reward=   9.0, Length=  9
16:53:57 - INFO - Episode 323: Reward=  12.0, Length= 12
16:53:57 - INFO - Episode 324: Reward=  10.0, Length= 10
16:53:58 - INFO - Episode 325: Reward=  10.0, Length= 10
16:53:58 - INFO - Starting training step...
16:53:59 - INFO - Step 64: train/policy_loss = 0.548782
16:53:59 - INFO - Step 64: train/reward_loss = 0.074290
16:53:59 - INFO - Step 64: train/value_loss = 74.248505
16:53:59 - INFO - Step 64: total_loss = 74.871574
16:54:00 - INFO - Episode 326: Reward=  14.0, Length= 14
16:54:01 - INFO - Episode 327: Reward=  14.0, Length= 14
16:54:02 - INFO - Episode 328: Reward=   9.0, Length=  9
16:54:03 - INFO - Episode 329: Reward=  13.0, Length= 13
16:54:04 - INFO - Episode 330: Reward=   9.0, Length=  9
16:54:04 - INFO - Starting training step...
16:54:04 - INFO - Step 65: train/policy_loss = 0.594598
16:54:04 - INFO - Step 65: train/reward_loss = 0.015985
16:54:04 - INFO - Step 65: train/value_loss = 67.741547
16:54:04 - INFO - Step 65: total_loss = 68.352127
16:54:05 - INFO - Episode 331: Reward=  10.0, Length= 10
16:54:06 - INFO - Episode 332: Reward=  11.0, Length= 11
16:54:06 - INFO - Episode 333: Reward=  10.0, Length= 10
16:54:07 - INFO - Episode 334: Reward=   9.0, Length=  9
16:54:08 - INFO - Episode 335: Reward=  15.0, Length= 15
16:54:08 - INFO - Starting training step...
16:54:09 - INFO - Step 66: train/policy_loss = 0.587290
16:54:09 - INFO - Step 66: train/reward_loss = 0.201972
16:54:09 - INFO - Step 66: train/value_loss = 81.919395
16:54:09 - INFO - Step 66: total_loss = 82.708656
16:54:10 - INFO - Episode 336: Reward=  11.0, Length= 11
16:54:11 - INFO - Episode 337: Reward=  15.0, Length= 15
16:54:12 - INFO - Episode 338: Reward=  15.0, Length= 15
16:54:13 - INFO - Episode 339: Reward=  12.0, Length= 12
16:54:15 - INFO - Episode 340: Reward=  13.0, Length= 13
16:54:15 - INFO - Starting training step...
16:54:15 - INFO - Step 67: train/policy_loss = 0.559312
16:54:15 - INFO - Step 67: train/reward_loss = 0.477713
16:54:15 - INFO - Step 67: train/value_loss = 44.834007
16:54:15 - INFO - Step 67: total_loss = 45.871033
16:54:16 - INFO - Episode 341: Reward=  13.0, Length= 13
16:54:17 - INFO - Episode 342: Reward=  11.0, Length= 11
16:54:18 - INFO - Episode 343: Reward=  12.0, Length= 12
16:54:20 - INFO - Episode 344: Reward=  17.0, Length= 17
16:54:21 - INFO - Episode 345: Reward=  14.0, Length= 14
16:54:21 - INFO - Starting training step...
16:54:21 - INFO - Step 68: train/policy_loss = 0.542945
16:54:21 - INFO - Step 68: train/reward_loss = 0.479751
16:54:21 - INFO - Step 68: train/value_loss = 69.806458
16:54:21 - INFO - Step 68: total_loss = 70.829155
16:54:23 - INFO - Episode 346: Reward=  16.0, Length= 16
16:54:24 - INFO - Episode 347: Reward=  14.0, Length= 14
16:54:25 - INFO - Episode 348: Reward=  18.0, Length= 18
16:54:27 - INFO - Episode 349: Reward=  22.0, Length= 22
16:54:28 - INFO - Episode 350: Reward=  13.0, Length= 13
16:54:28 - INFO - Starting training step...
16:54:29 - INFO - Step 69: train/policy_loss = 0.575609
16:54:29 - INFO - Step 69: train/reward_loss = 0.132314
16:54:29 - INFO - Step 69: train/value_loss = 63.116150
16:54:29 - INFO - Step 69: total_loss = 63.824074
16:54:29 - INFO - Episode 351: Reward=  10.0, Length= 10
16:54:30 - INFO - Episode 352: Reward=  12.0, Length= 12
16:54:33 - INFO - Episode 353: Reward=  24.0, Length= 24
16:54:35 - INFO - Episode 354: Reward=  27.0, Length= 27
16:54:38 - INFO - Episode 355: Reward=  31.0, Length= 31
16:54:38 - INFO - Starting training step...
16:54:38 - INFO - Step 70: train/policy_loss = 0.578329
16:54:38 - INFO - Step 70: train/reward_loss = 0.026170
16:54:38 - INFO - Step 70: train/value_loss = 68.109100
16:54:38 - INFO - Step 70: total_loss = 68.713600
16:54:39 - INFO - Episode 356: Reward=  14.0, Length= 14
16:54:40 - INFO - Episode 357: Reward=  12.0, Length= 12
16:54:42 - INFO - Episode 358: Reward=  18.0, Length= 18
16:54:42 - INFO - Episode 359: Reward=  11.0, Length= 11
16:54:44 - INFO - Episode 360: Reward=  24.0, Length= 24
16:54:44 - INFO - Starting training step...
16:54:45 - INFO - Step 71: train/policy_loss = 0.543491
16:54:45 - INFO - Step 71: train/reward_loss = 0.313651
16:54:45 - INFO - Step 71: train/value_loss = 50.590546
16:54:45 - INFO - Step 71: total_loss = 51.447689
16:54:46 - INFO - Episode 361: Reward=   9.0, Length=  9
16:54:47 - INFO - Episode 362: Reward=  14.0, Length= 14
16:54:48 - INFO - Episode 363: Reward=  19.0, Length= 19
16:54:49 - INFO - Episode 364: Reward=  11.0, Length= 11
16:54:51 - INFO - Episode 365: Reward=  18.0, Length= 18
16:54:51 - INFO - Starting training step...
16:54:51 - INFO - Step 72: train/policy_loss = 0.575718
16:54:51 - INFO - Step 72: train/reward_loss = 0.599969
16:54:51 - INFO - Step 72: train/value_loss = 56.571888
16:54:51 - INFO - Step 72: total_loss = 57.747574
16:54:53 - INFO - Episode 366: Reward=  15.0, Length= 15
16:54:53 - INFO - Episode 367: Reward=  11.0, Length= 11
16:54:55 - INFO - Episode 368: Reward=  12.0, Length= 12
16:54:56 - INFO - Episode 369: Reward=  17.0, Length= 17
16:54:57 - INFO - Episode 370: Reward=  12.0, Length= 12
16:54:57 - INFO - Starting training step...
16:54:57 - INFO - Step 73: train/policy_loss = 0.562553
16:54:57 - INFO - Step 73: train/reward_loss = 0.645546
16:54:57 - INFO - Step 73: train/value_loss = 51.120770
16:54:57 - INFO - Step 73: total_loss = 52.328869
16:54:59 - INFO - Episode 371: Reward=  16.0, Length= 16
16:55:00 - INFO - Episode 372: Reward=  12.0, Length= 12
16:55:01 - INFO - Episode 373: Reward=  13.0, Length= 13
16:55:02 - INFO - Episode 374: Reward=  19.0, Length= 19
16:55:03 - INFO - Episode 375: Reward=  12.0, Length= 12
16:55:03 - INFO - Starting training step...
16:55:04 - INFO - Step 74: train/policy_loss = 0.560565
16:55:04 - INFO - Step 74: train/reward_loss = 0.269453
16:55:04 - INFO - Step 74: train/value_loss = 40.899437
16:55:04 - INFO - Step 74: total_loss = 41.729454
16:55:04 - INFO - Updating target network at step 75
16:55:06 - INFO - Episode 376: Reward=  27.0, Length= 27
16:55:06 - INFO - Updating target network at step 75
16:55:08 - INFO - Episode 377: Reward=  28.0, Length= 28
16:55:08 - INFO - Updating target network at step 75
16:55:10 - INFO - Episode 378: Reward=  17.0, Length= 17
16:55:10 - INFO - Updating target network at step 75
16:55:11 - INFO - Episode 379: Reward=  16.0, Length= 16
16:55:11 - INFO - Updating target network at step 75
16:55:12 - INFO - Episode 380: Reward=  12.0, Length= 12
16:55:12 - INFO - Starting training step...
16:55:12 - INFO - Step 75: train/policy_loss = 0.566732
16:55:12 - INFO - Step 75: train/reward_loss = 0.010015
16:55:12 - INFO - Step 75: train/value_loss = 109.012260
16:55:12 - INFO - Step 75: total_loss = 109.589012
16:55:14 - INFO - Episode 381: Reward=  22.0, Length= 22
16:55:15 - INFO - Episode 382: Reward=  10.0, Length= 10
16:55:16 - INFO - Episode 383: Reward=  11.0, Length= 11
16:55:17 - INFO - Episode 384: Reward=  10.0, Length= 10
16:55:18 - INFO - Episode 385: Reward=   9.0, Length=  9
16:55:18 - INFO - Starting training step...
16:55:18 - INFO - Step 76: train/policy_loss = 0.549666
16:55:18 - INFO - Step 76: train/reward_loss = 0.095107
16:55:18 - INFO - Step 76: train/value_loss = 148.136078
16:55:18 - INFO - Step 76: total_loss = 148.780853
16:55:19 - INFO - Episode 386: Reward=  12.0, Length= 12
16:55:20 - INFO - Episode 387: Reward=  11.0, Length= 11
16:55:21 - INFO - Episode 388: Reward=  11.0, Length= 11
16:55:22 - INFO - Episode 389: Reward=  12.0, Length= 12
16:55:24 - INFO - Episode 390: Reward=  18.0, Length= 18
16:55:24 - INFO - Starting training step...
16:55:24 - INFO - Step 77: train/policy_loss = 0.552878
16:55:24 - INFO - Step 77: train/reward_loss = 0.082277
16:55:24 - INFO - Step 77: train/value_loss = 105.503395
16:55:24 - INFO - Step 77: total_loss = 106.138550
16:55:25 - INFO - Episode 391: Reward=  12.0, Length= 12
16:55:26 - INFO - Episode 392: Reward=  11.0, Length= 11
16:55:27 - INFO - Episode 393: Reward=  12.0, Length= 12
16:55:28 - INFO - Episode 394: Reward=  10.0, Length= 10
16:55:29 - INFO - Episode 395: Reward=   9.0, Length=  9
16:55:29 - INFO - Starting training step...
16:55:29 - INFO - Step 78: train/policy_loss = 0.562828
16:55:29 - INFO - Step 78: train/reward_loss = 0.053140
16:55:29 - INFO - Step 78: train/value_loss = 112.881729
16:55:29 - INFO - Step 78: total_loss = 113.497696
16:55:30 - INFO - Episode 396: Reward=   9.0, Length=  9
16:55:31 - INFO - Episode 397: Reward=  10.0, Length= 10
16:55:32 - INFO - Episode 398: Reward=  12.0, Length= 12
16:55:33 - INFO - Episode 399: Reward=  19.0, Length= 19
16:55:34 - INFO - Episode 400: Reward=  10.0, Length= 10
16:55:34 - INFO - Starting training step...
16:55:35 - INFO - Step 79: train/policy_loss = 0.503899
16:55:35 - INFO - Step 79: train/reward_loss = 0.059640
16:55:35 - INFO - Step 79: train/value_loss = 139.055359
16:55:35 - INFO - Step 79: total_loss = 139.618912
16:55:36 - INFO - Episode 401: Reward=  10.0, Length= 10
16:55:36 - INFO - Episode 402: Reward=  10.0, Length= 10
16:55:37 - INFO - Episode 403: Reward=  13.0, Length= 13
16:55:38 - INFO - Episode 404: Reward=  10.0, Length= 10
16:55:39 - INFO - Episode 405: Reward=   9.0, Length=  9
16:55:39 - INFO - Starting training step...
16:55:39 - INFO - Step 80: train/policy_loss = 0.567005
16:55:39 - INFO - Step 80: train/reward_loss = 0.084194
16:55:39 - INFO - Step 80: train/value_loss = 105.379173
16:55:39 - INFO - Step 80: total_loss = 106.030373
16:55:40 - INFO - Episode 406: Reward=  12.0, Length= 12
16:55:41 - INFO - Episode 407: Reward=  10.0, Length= 10
16:55:42 - INFO - Episode 408: Reward=  11.0, Length= 11
16:55:43 - INFO - Episode 409: Reward=   9.0, Length=  9
16:55:44 - INFO - Episode 410: Reward=  11.0, Length= 11
16:55:44 - INFO - Starting training step...
16:55:44 - INFO - Step 81: train/policy_loss = 0.570508
16:55:44 - INFO - Step 81: train/reward_loss = 0.266454
16:55:44 - INFO - Step 81: train/value_loss = 108.682610
16:55:44 - INFO - Step 81: total_loss = 109.519577
16:55:45 - INFO - Episode 411: Reward=  12.0, Length= 12
16:55:46 - INFO - Episode 412: Reward=  11.0, Length= 11
16:55:47 - INFO - Episode 413: Reward=  11.0, Length= 11
16:55:48 - INFO - Episode 414: Reward=  16.0, Length= 16
16:55:49 - INFO - Episode 415: Reward=  13.0, Length= 13
16:55:49 - INFO - Starting training step...
16:55:50 - INFO - Step 82: train/policy_loss = 0.514361
16:55:50 - INFO - Step 82: train/reward_loss = 0.383673
16:55:50 - INFO - Step 82: train/value_loss = 108.669266
16:55:50 - INFO - Step 82: total_loss = 109.567299
16:55:51 - INFO - Episode 416: Reward=  13.0, Length= 13
16:55:52 - INFO - Episode 417: Reward=  12.0, Length= 12
16:55:53 - INFO - Episode 418: Reward=  11.0, Length= 11
16:55:54 - INFO - Episode 419: Reward=  15.0, Length= 15
16:55:55 - INFO - Episode 420: Reward=  10.0, Length= 10
16:55:55 - INFO - Starting training step...
16:55:55 - INFO - Step 83: train/policy_loss = 0.545430
16:55:55 - INFO - Step 83: train/reward_loss = 0.261360
16:55:55 - INFO - Step 83: train/value_loss = 97.437149
16:55:55 - INFO - Step 83: total_loss = 98.243942
16:55:56 - INFO - Episode 421: Reward=  18.0, Length= 18
16:55:58 - INFO - Episode 422: Reward=  13.0, Length= 13
16:55:58 - INFO - Episode 423: Reward=   9.0, Length=  9
16:55:59 - INFO - Episode 424: Reward=  11.0, Length= 11
16:56:01 - INFO - Episode 425: Reward=  15.0, Length= 15
16:56:01 - INFO - Starting training step...
16:56:01 - INFO - Step 84: train/policy_loss = 0.523975
16:56:01 - INFO - Step 84: train/reward_loss = 0.120388
16:56:01 - INFO - Step 84: train/value_loss = 101.962173
16:56:01 - INFO - Step 84: total_loss = 102.606529
16:56:02 - INFO - Episode 426: Reward=  12.0, Length= 12
16:56:04 - INFO - Episode 427: Reward=  21.0, Length= 21
16:56:06 - INFO - Episode 428: Reward=  16.0, Length= 16
16:56:07 - INFO - Episode 429: Reward=  14.0, Length= 14
16:56:08 - INFO - Episode 430: Reward=  13.0, Length= 13
16:56:08 - INFO - Starting training step...
16:56:08 - INFO - Step 85: train/policy_loss = 0.495963
16:56:08 - INFO - Step 85: train/reward_loss = 0.185987
16:56:08 - INFO - Step 85: train/value_loss = 99.818443
16:56:08 - INFO - Step 85: total_loss = 100.500397
16:56:09 - INFO - Episode 431: Reward=  12.0, Length= 12
16:56:11 - INFO - Episode 432: Reward=  15.0, Length= 15
16:56:11 - INFO - Episode 433: Reward=  10.0, Length= 10
16:56:14 - INFO - Episode 434: Reward=  32.0, Length= 32
16:56:15 - INFO - Episode 435: Reward=  14.0, Length= 14
16:56:15 - INFO - Starting training step...
16:56:16 - INFO - Step 86: train/policy_loss = 0.573111
16:56:16 - INFO - Step 86: train/reward_loss = 0.532736
16:56:16 - INFO - Step 86: train/value_loss = 117.521606
16:56:16 - INFO - Step 86: total_loss = 118.627457
16:56:17 - INFO - Episode 436: Reward=  14.0, Length= 14
16:56:18 - INFO - Episode 437: Reward=  13.0, Length= 13
16:56:19 - INFO - Episode 438: Reward=  10.0, Length= 10
16:56:20 - INFO - Episode 439: Reward=  10.0, Length= 10
16:56:21 - INFO - Episode 440: Reward=  14.0, Length= 14
16:56:21 - INFO - Starting training step...
16:56:21 - INFO - Step 87: train/policy_loss = 0.577755
16:56:21 - INFO - Step 87: train/reward_loss = 0.554058
16:56:21 - INFO - Step 87: train/value_loss = 124.439835
16:56:21 - INFO - Step 87: total_loss = 125.571655
16:56:22 - INFO - Episode 441: Reward=  13.0, Length= 13
16:56:23 - INFO - Episode 442: Reward=  11.0, Length= 11
16:56:24 - INFO - Episode 443: Reward=  12.0, Length= 12
16:56:25 - INFO - Episode 444: Reward=  12.0, Length= 12
16:56:26 - INFO - Episode 445: Reward=   9.0, Length=  9
16:56:26 - INFO - Starting training step...
16:56:26 - INFO - Step 88: train/policy_loss = 0.531882
16:56:26 - INFO - Step 88: train/reward_loss = 0.679926
16:56:26 - INFO - Step 88: train/value_loss = 99.031433
16:56:26 - INFO - Step 88: total_loss = 100.243240
16:56:27 - INFO - Episode 446: Reward=  11.0, Length= 11
16:56:28 - INFO - Episode 447: Reward=  10.0, Length= 10
16:56:29 - INFO - Episode 448: Reward=  12.0, Length= 12
16:56:30 - INFO - Episode 449: Reward=  11.0, Length= 11
16:56:31 - INFO - Episode 450: Reward=   9.0, Length=  9
16:56:31 - INFO - Starting training step...
16:56:31 - INFO - Step 89: train/policy_loss = 0.548951
16:56:31 - INFO - Step 89: train/reward_loss = 0.398520
16:56:31 - INFO - Step 89: train/value_loss = 77.853485
16:56:31 - INFO - Step 89: total_loss = 78.800957
16:56:31 - INFO - Updating target network at step 90
16:56:32 - INFO - Episode 451: Reward=  12.0, Length= 12
16:56:32 - INFO - Updating target network at step 90
16:56:33 - INFO - Episode 452: Reward=  11.0, Length= 11
16:56:33 - INFO - Updating target network at step 90
16:56:34 - INFO - Episode 453: Reward=  11.0, Length= 11
16:56:34 - INFO - Updating target network at step 90
16:56:35 - INFO - Episode 454: Reward=  16.0, Length= 16
16:56:35 - INFO - Updating target network at step 90
16:56:36 - INFO - Episode 455: Reward=  13.0, Length= 13
16:56:36 - INFO - Starting training step...
16:56:37 - INFO - Step 90: train/policy_loss = 0.520703
16:56:37 - INFO - Step 90: train/reward_loss = 0.067291
16:56:37 - INFO - Step 90: train/value_loss = 228.846359
16:56:37 - INFO - Step 90: total_loss = 229.434357
16:56:37 - INFO - Episode 456: Reward=   9.0, Length=  9
16:56:39 - INFO - Episode 457: Reward=  12.0, Length= 12
16:56:40 - INFO - Episode 458: Reward=  10.0, Length= 10
16:56:41 - INFO - Episode 459: Reward=  11.0, Length= 11
16:56:42 - INFO - Episode 460: Reward=  10.0, Length= 10
16:56:42 - INFO - Starting training step...
16:56:42 - INFO - Step 91: train/policy_loss = 0.569172
16:56:42 - INFO - Step 91: train/reward_loss = 0.085515
16:56:42 - INFO - Step 91: train/value_loss = 292.331512
16:56:42 - INFO - Step 91: total_loss = 292.986206
16:56:43 - INFO - Episode 461: Reward=  11.0, Length= 11
16:56:44 - INFO - Episode 462: Reward=  10.0, Length= 10
16:56:45 - INFO - Episode 463: Reward=  10.0, Length= 10
16:56:46 - INFO - Episode 464: Reward=  10.0, Length= 10
16:56:47 - INFO - Episode 465: Reward=  11.0, Length= 11
16:56:47 - INFO - Starting training step...
16:56:47 - INFO - Step 92: train/policy_loss = 0.546143
16:56:47 - INFO - Step 92: train/reward_loss = 0.039516
16:56:47 - INFO - Step 92: train/value_loss = 227.712814
16:56:47 - INFO - Step 92: total_loss = 228.298477
16:56:49 - INFO - Episode 466: Reward=  13.0, Length= 13
16:56:50 - INFO - Episode 467: Reward=  15.0, Length= 15
16:56:51 - INFO - Episode 468: Reward=   8.0, Length=  8
16:56:52 - INFO - Episode 469: Reward=  11.0, Length= 11
16:56:53 - INFO - Episode 470: Reward=  10.0, Length= 10
16:56:53 - INFO - Starting training step...
16:56:53 - INFO - Step 93: train/policy_loss = 0.564529
16:56:53 - INFO - Step 93: train/reward_loss = 0.129358
16:56:53 - INFO - Step 93: train/value_loss = 257.172638
16:56:53 - INFO - Step 93: total_loss = 257.866516
16:56:54 - INFO - Episode 471: Reward=  10.0, Length= 10
16:56:54 - INFO - Episode 472: Reward=   8.0, Length=  8
16:56:55 - INFO - Episode 473: Reward=  10.0, Length= 10
16:56:56 - INFO - Episode 474: Reward=  11.0, Length= 11
16:56:57 - INFO - Episode 475: Reward=   9.0, Length=  9
16:56:57 - INFO - Starting training step...
16:56:57 - INFO - Step 94: train/policy_loss = 0.514174
16:56:57 - INFO - Step 94: train/reward_loss = 0.077917
16:56:57 - INFO - Step 94: train/value_loss = 223.003220
16:56:57 - INFO - Step 94: total_loss = 223.595306
16:56:58 - INFO - Episode 476: Reward=  10.0, Length= 10
16:57:00 - INFO - Episode 477: Reward=  18.0, Length= 18
16:57:01 - INFO - Episode 478: Reward=  15.0, Length= 15
16:57:02 - INFO - Episode 479: Reward=  10.0, Length= 10
16:57:03 - INFO - Episode 480: Reward=  10.0, Length= 10
16:57:03 - INFO - Starting training step...
16:57:03 - INFO - Step 95: train/policy_loss = 0.558539
16:57:03 - INFO - Step 95: train/reward_loss = 0.562315
16:57:03 - INFO - Step 95: train/value_loss = 214.617706
16:57:03 - INFO - Step 95: total_loss = 215.738556
16:57:04 - INFO - Episode 481: Reward=   9.0, Length=  9
16:57:05 - INFO - Episode 482: Reward=  11.0, Length= 11
16:57:06 - INFO - Episode 483: Reward=  12.0, Length= 12
16:57:07 - INFO - Episode 484: Reward=  10.0, Length= 10
16:57:08 - INFO - Episode 485: Reward=   9.0, Length=  9
16:57:08 - INFO - Starting training step...
16:57:08 - INFO - Step 96: train/policy_loss = 0.513395
16:57:08 - INFO - Step 96: train/reward_loss = 1.906966
16:57:08 - INFO - Step 96: train/value_loss = 277.863861
16:57:08 - INFO - Step 96: total_loss = 280.284210
16:57:10 - INFO - Episode 486: Reward=  19.0, Length= 19
16:57:11 - INFO - Episode 487: Reward=  11.0, Length= 11
16:57:12 - INFO - Episode 488: Reward=  13.0, Length= 13
16:57:13 - INFO - Episode 489: Reward=  10.0, Length= 10
16:57:14 - INFO - Episode 490: Reward=  10.0, Length= 10
16:57:14 - INFO - Starting training step...
16:57:14 - INFO - Step 97: train/policy_loss = 0.543164
16:57:14 - INFO - Step 97: train/reward_loss = 1.769201
16:57:14 - INFO - Step 97: train/value_loss = 225.703247
16:57:14 - INFO - Step 97: total_loss = 228.015610
16:57:15 - INFO - Episode 491: Reward=  12.0, Length= 12
16:57:16 - INFO - Episode 492: Reward=  12.0, Length= 12
16:57:17 - INFO - Episode 493: Reward=  10.0, Length= 10
16:57:18 - INFO - Episode 494: Reward=  11.0, Length= 11
16:57:19 - INFO - Episode 495: Reward=  10.0, Length= 10
16:57:19 - INFO - Starting training step...
16:57:19 - INFO - Step 98: train/policy_loss = 0.484648
16:57:19 - INFO - Step 98: train/reward_loss = 0.622843
16:57:19 - INFO - Step 98: train/value_loss = 237.268799
16:57:19 - INFO - Step 98: total_loss = 238.376297
16:57:20 - INFO - Episode 496: Reward=  12.0, Length= 12
16:57:22 - INFO - Episode 497: Reward=  13.0, Length= 13
16:57:23 - INFO - Episode 498: Reward=  10.0, Length= 10
16:57:23 - INFO - Episode 499: Reward=   9.0, Length=  9
